{'main': -1}
{'(': -1}
{')': -1}
{':': -1}
{'int': -1}
{'[': -1}
{']': -1}
{'identifier': (1, 0)}
{'read': -1}
{'identifier': (1, 0)}
{'int': -1}
{'identifier': (5, 0)}
{'identifier': (5, 0)}
{'=': -1}
{'constant': (6, 0)}
{'for': -1}
{'(': -1}
{'identifier': (6, 0)}
{'in': -1}
{'identifier': (1, 0)}
{')': -1}
{'{': -1}
{'if': -1}
{'(': -1}
{'identifier': (6, 0)}
{'is': -1}
{'even': -1}
{')': -1}
{'{': -1}
{'identifier': (5, 0)}
{'=': -1}
{'identifier': (5, 0)}
{'+': -1}
{'identifier': (6, 0)}
{'}': -1}
{'}': -1}
{'write': -1}
{'identifier': (5, 0)}
